[INFO][21-08-09][com.chen.dao.UserDaoTest]info：进入selectUser方法
[DEBUG][21-08-09][com.chen.dao.UserDaoTest]debug：进入selectUser方法
[ERROR][21-08-09][com.chen.dao.UserDaoTest]error: 进入selectUser方法
[INFO][21-08-09][com.chen.dao.UserDaoTest]info：进入selectUser方法
[DEBUG][21-08-09][com.chen.dao.UserDaoTest]debug：进入selectUser方法
[ERROR][21-08-09][com.chen.dao.UserDaoTest]error: 进入selectUser方法
[DEBUG][21-08-09][org.apache.ibatis.logging.LogFactory]Logging initialized using 'class org.apache.ibatis.logging.log4j.Log4jImpl' adapter.
[DEBUG][21-08-09][org.apache.ibatis.logging.LogFactory]Logging initialized using 'class org.apache.ibatis.logging.log4j.Log4jImpl' adapter.
[DEBUG][21-08-09][org.apache.ibatis.datasource.pooled.PooledDataSource]PooledDataSource forcefully closed/removed all connections.
[DEBUG][21-08-09][org.apache.ibatis.datasource.pooled.PooledDataSource]PooledDataSource forcefully closed/removed all connections.
[DEBUG][21-08-09][org.apache.ibatis.datasource.pooled.PooledDataSource]PooledDataSource forcefully closed/removed all connections.
[DEBUG][21-08-09][org.apache.ibatis.datasource.pooled.PooledDataSource]PooledDataSource forcefully closed/removed all connections.
[DEBUG][21-08-09][org.apache.ibatis.transaction.jdbc.JdbcTransaction]Opening JDBC Connection
[DEBUG][21-08-09][org.apache.ibatis.datasource.pooled.PooledDataSource]Created connection 1559122513.
[DEBUG][21-08-09][org.apache.ibatis.transaction.jdbc.JdbcTransaction]Setting autocommit to false on JDBC Connection [com.mysql.cj.jdbc.ConnectionImpl@5cee5251]
[DEBUG][21-08-09][com.chen.dao.UserMapper.getUserByLimit]==>  Preparing: select * from user limit ?,?; 
[DEBUG][21-08-09][com.chen.dao.UserMapper.getUserByLimit]==> Parameters: 0(Integer), 2(Integer)
[DEBUG][21-08-09][com.chen.dao.UserMapper.getUserByLimit]<==      Total: 2
[DEBUG][21-08-09][org.apache.ibatis.transaction.jdbc.JdbcTransaction]Resetting autocommit to true on JDBC Connection [com.mysql.cj.jdbc.ConnectionImpl@5cee5251]
[DEBUG][21-08-09][org.apache.ibatis.transaction.jdbc.JdbcTransaction]Closing JDBC Connection [com.mysql.cj.jdbc.ConnectionImpl@5cee5251]
[DEBUG][21-08-09][org.apache.ibatis.datasource.pooled.PooledDataSource]Returned connection 1559122513 to pool.
[DEBUG][21-08-09][org.apache.ibatis.logging.LogFactory]Logging initialized using 'class org.apache.ibatis.logging.log4j.Log4jImpl' adapter.
[DEBUG][21-08-09][org.apache.ibatis.logging.LogFactory]Logging initialized using 'class org.apache.ibatis.logging.log4j.Log4jImpl' adapter.
[DEBUG][21-08-09][org.apache.ibatis.datasource.pooled.PooledDataSource]PooledDataSource forcefully closed/removed all connections.
[DEBUG][21-08-09][org.apache.ibatis.datasource.pooled.PooledDataSource]PooledDataSource forcefully closed/removed all connections.
[DEBUG][21-08-09][org.apache.ibatis.datasource.pooled.PooledDataSource]PooledDataSource forcefully closed/removed all connections.
[DEBUG][21-08-09][org.apache.ibatis.datasource.pooled.PooledDataSource]PooledDataSource forcefully closed/removed all connections.
[DEBUG][21-08-09][org.apache.ibatis.transaction.jdbc.JdbcTransaction]Opening JDBC Connection
[DEBUG][21-08-09][org.apache.ibatis.datasource.pooled.PooledDataSource]Created connection 1559122513.
[DEBUG][21-08-09][org.apache.ibatis.transaction.jdbc.JdbcTransaction]Setting autocommit to false on JDBC Connection [com.mysql.cj.jdbc.ConnectionImpl@5cee5251]
[DEBUG][21-08-09][com.chen.dao.UserMapper.getUserByLimit]==>  Preparing: select * from user limit ?,?; 
[DEBUG][21-08-09][com.chen.dao.UserMapper.getUserByLimit]==> Parameters: 0(Integer), 3(Integer)
[DEBUG][21-08-09][com.chen.dao.UserMapper.getUserByLimit]<==      Total: 3
[DEBUG][21-08-09][org.apache.ibatis.transaction.jdbc.JdbcTransaction]Resetting autocommit to true on JDBC Connection [com.mysql.cj.jdbc.ConnectionImpl@5cee5251]
[DEBUG][21-08-09][org.apache.ibatis.transaction.jdbc.JdbcTransaction]Closing JDBC Connection [com.mysql.cj.jdbc.ConnectionImpl@5cee5251]
[DEBUG][21-08-09][org.apache.ibatis.datasource.pooled.PooledDataSource]Returned connection 1559122513 to pool.
[DEBUG][21-08-17][org.apache.ibatis.logging.LogFactory]Logging initialized using 'class org.apache.ibatis.logging.log4j.Log4jImpl' adapter.
[DEBUG][21-08-17][org.apache.ibatis.logging.LogFactory]Logging initialized using 'class org.apache.ibatis.logging.log4j.Log4jImpl' adapter.
[DEBUG][21-08-17][org.apache.ibatis.datasource.pooled.PooledDataSource]PooledDataSource forcefully closed/removed all connections.
[DEBUG][21-08-17][org.apache.ibatis.datasource.pooled.PooledDataSource]PooledDataSource forcefully closed/removed all connections.
[DEBUG][21-08-17][org.apache.ibatis.datasource.pooled.PooledDataSource]PooledDataSource forcefully closed/removed all connections.
[DEBUG][21-08-17][org.apache.ibatis.datasource.pooled.PooledDataSource]PooledDataSource forcefully closed/removed all connections.
[DEBUG][21-08-17][org.apache.ibatis.transaction.jdbc.JdbcTransaction]Opening JDBC Connection
[INFO][21-08-17][com.chen.dao.UserDaoTest]info：进入selectUser方法
[DEBUG][21-08-17][com.chen.dao.UserDaoTest]debug：进入selectUser方法
[ERROR][21-08-17][com.chen.dao.UserDaoTest]error: 进入selectUser方法
[INFO][21-08-17][com.chen.dao.UserDaoTest]info：进入selectUser方法
[DEBUG][21-08-17][com.chen.dao.UserDaoTest]debug：进入selectUser方法
[ERROR][21-08-17][com.chen.dao.UserDaoTest]error: 进入selectUser方法
[DEBUG][21-08-17][org.apache.ibatis.logging.LogFactory]Logging initialized using 'class org.apache.ibatis.logging.log4j.Log4jImpl' adapter.
[DEBUG][21-08-17][org.apache.ibatis.logging.LogFactory]Logging initialized using 'class org.apache.ibatis.logging.log4j.Log4jImpl' adapter.
[DEBUG][21-08-17][org.apache.ibatis.datasource.pooled.PooledDataSource]PooledDataSource forcefully closed/removed all connections.
[DEBUG][21-08-17][org.apache.ibatis.datasource.pooled.PooledDataSource]PooledDataSource forcefully closed/removed all connections.
[DEBUG][21-08-17][org.apache.ibatis.datasource.pooled.PooledDataSource]PooledDataSource forcefully closed/removed all connections.
[DEBUG][21-08-17][org.apache.ibatis.datasource.pooled.PooledDataSource]PooledDataSource forcefully closed/removed all connections.
[DEBUG][21-08-17][org.apache.ibatis.transaction.jdbc.JdbcTransaction]Opening JDBC Connection
[DEBUG][21-08-17][org.apache.ibatis.datasource.pooled.PooledDataSource]Created connection 2081191879.
[DEBUG][21-08-17][org.apache.ibatis.transaction.jdbc.JdbcTransaction]Setting autocommit to false on JDBC Connection [com.mysql.cj.jdbc.ConnectionImpl@7c0c77c7]
[DEBUG][21-08-17][com.chen.dao.UserMapper.getUserByLimit]==>  Preparing: select * from user limit ?,?; 
[DEBUG][21-08-17][com.chen.dao.UserMapper.getUserByLimit]==> Parameters: 0(Integer), 3(Integer)
[DEBUG][21-08-17][com.chen.dao.UserMapper.getUserByLimit]<==      Total: 3
[DEBUG][21-08-17][org.apache.ibatis.transaction.jdbc.JdbcTransaction]Resetting autocommit to true on JDBC Connection [com.mysql.cj.jdbc.ConnectionImpl@7c0c77c7]
[DEBUG][21-08-17][org.apache.ibatis.transaction.jdbc.JdbcTransaction]Closing JDBC Connection [com.mysql.cj.jdbc.ConnectionImpl@7c0c77c7]
[DEBUG][21-08-17][org.apache.ibatis.datasource.pooled.PooledDataSource]Returned connection 2081191879 to pool.
[DEBUG][21-08-17][org.apache.ibatis.logging.LogFactory]Logging initialized using 'class org.apache.ibatis.logging.log4j.Log4jImpl' adapter.
[DEBUG][21-08-17][org.apache.ibatis.logging.LogFactory]Logging initialized using 'class org.apache.ibatis.logging.log4j.Log4jImpl' adapter.
[DEBUG][21-08-17][org.apache.ibatis.datasource.pooled.PooledDataSource]PooledDataSource forcefully closed/removed all connections.
[DEBUG][21-08-17][org.apache.ibatis.datasource.pooled.PooledDataSource]PooledDataSource forcefully closed/removed all connections.
[DEBUG][21-08-17][org.apache.ibatis.datasource.pooled.PooledDataSource]PooledDataSource forcefully closed/removed all connections.
[DEBUG][21-08-17][org.apache.ibatis.datasource.pooled.PooledDataSource]PooledDataSource forcefully closed/removed all connections.
[DEBUG][21-08-17][org.apache.ibatis.transaction.jdbc.JdbcTransaction]Opening JDBC Connection
[DEBUG][21-08-17][org.apache.ibatis.datasource.pooled.PooledDataSource]Created connection 2081191879.
[DEBUG][21-08-17][org.apache.ibatis.transaction.jdbc.JdbcTransaction]Setting autocommit to false on JDBC Connection [com.mysql.cj.jdbc.ConnectionImpl@7c0c77c7]
[DEBUG][21-08-17][com.chen.dao.UserMapper.getUserById]==>  Preparing: select * from user where id = ?; 
[DEBUG][21-08-17][com.chen.dao.UserMapper.getUserById]==> Parameters: 1(Integer)
[DEBUG][21-08-17][com.chen.dao.UserMapper.getUserById]<==      Total: 1
[DEBUG][21-08-17][org.apache.ibatis.transaction.jdbc.JdbcTransaction]Resetting autocommit to true on JDBC Connection [com.mysql.cj.jdbc.ConnectionImpl@7c0c77c7]
[DEBUG][21-08-17][org.apache.ibatis.transaction.jdbc.JdbcTransaction]Closing JDBC Connection [com.mysql.cj.jdbc.ConnectionImpl@7c0c77c7]
[DEBUG][21-08-17][org.apache.ibatis.datasource.pooled.PooledDataSource]Returned connection 2081191879 to pool.
